::1 - 2019-06-20 02:54:14 - INFO - Starting migration from 1.0.1 to 4.2.0
::1 - 2019-06-20 02:54:14 - DEBUG - About to get_state...
::1 - 2019-06-20 02:54:14 - DEBUG - get_state: 
 {"failed":[],"finished":[],"outstanding":["update_to_1_1_0","update_to_2_2_2","update_to_2_3_0","update_to_2_7_0","update_to_3_2_6","update_to_3_5_0","update_to_4_0_0","update_to_4_1_5"]}
::1 - 2019-06-20 02:54:14 - DEBUG - About to run...
::1 - 2019-06-20 02:54:14 - DEBUG - get_max_execution_time 
 30
::1 - 2019-06-20 02:54:14 - DEBUG - REQUEST_TIME_FLOAT: 
 1560999253.732
::1 - 2019-06-20 02:54:14 - DEBUG - get_max_execution_time 
 30
::1 - 2019-06-20 02:54:14 - DEBUG - time_exceeded: 
 false
::1 - 2019-06-20 02:54:14 - DEBUG - current_memory: 
 5494600
::1 - 2019-06-20 02:54:14 - DEBUG - memory_limit: 
 255013683.2
::1 - 2019-06-20 02:54:14 - DEBUG - memory_exceeded: 
 false
::1 - 2019-06-20 02:54:14 - DEBUG - get_max_execution_time 
 30
::1 - 2019-06-20 02:54:14 - DEBUG - time_exceeded: 
 false
::1 - 2019-06-20 02:54:14 - DEBUG - current_memory: 
 5496000
::1 - 2019-06-20 02:54:14 - DEBUG - memory_limit: 
 255013683.2
::1 - 2019-06-20 02:54:14 - DEBUG - memory_exceeded: 
 false
::1 - 2019-06-20 02:54:14 - DEBUG - get_max_execution_time 
 30
::1 - 2019-06-20 02:54:14 - DEBUG - time_exceeded: 
 false
::1 - 2019-06-20 02:54:14 - DEBUG - current_memory: 
 5480168
::1 - 2019-06-20 02:54:14 - DEBUG - memory_limit: 
 255013683.2
::1 - 2019-06-20 02:54:14 - DEBUG - memory_exceeded: 
 false
::1 - 2019-06-20 02:54:14 - DEBUG - get_max_execution_time 
 30
::1 - 2019-06-20 02:54:14 - DEBUG - time_exceeded: 
 false
::1 - 2019-06-20 02:54:14 - DEBUG - current_memory: 
 5496280
::1 - 2019-06-20 02:54:14 - DEBUG - memory_limit: 
 255013683.2
::1 - 2019-06-20 02:54:14 - DEBUG - memory_exceeded: 
 false
::1 - 2019-06-20 02:54:14 - DEBUG - get_max_execution_time 
 30
::1 - 2019-06-20 02:54:14 - DEBUG - time_exceeded: 
 false
::1 - 2019-06-20 02:54:14 - DEBUG - current_memory: 
 5496216
::1 - 2019-06-20 02:54:14 - DEBUG - memory_limit: 
 255013683.2
::1 - 2019-06-20 02:54:14 - DEBUG - memory_exceeded: 
 false
::1 - 2019-06-20 02:54:14 - DEBUG - get_max_execution_time 
 30
::1 - 2019-06-20 02:54:14 - DEBUG - time_exceeded: 
 false
::1 - 2019-06-20 02:54:14 - DEBUG - current_memory: 
 5496216
::1 - 2019-06-20 02:54:14 - DEBUG - memory_limit: 
 255013683.2
::1 - 2019-06-20 02:54:14 - DEBUG - memory_exceeded: 
 false
::1 - 2019-06-20 02:54:14 - DEBUG - get_max_execution_time 
 30
::1 - 2019-06-20 02:54:14 - DEBUG - time_exceeded: 
 false
::1 - 2019-06-20 02:54:14 - DEBUG - current_memory: 
 5496768
::1 - 2019-06-20 02:54:14 - DEBUG - memory_limit: 
 255013683.2
::1 - 2019-06-20 02:54:14 - DEBUG - memory_exceeded: 
 false
::1 - 2019-06-20 02:54:14 - INFO - Starting update to 4.0.0
::1 - 2019-06-20 02:54:14 - INFO - Memory allocated in beginning: 5496808
::1 - 2019-06-20 02:54:14 - INFO - Memory limit: 256M
::1 - 2019-06-20 02:54:14 - INFO - Comments Table created
::1 - 2019-06-20 02:54:14 - INFO - Old Plugin Settings
::1 - 2019-06-20 02:54:14 - INFO - {"cc_photo_image_box":1,"cc_photo_download_text":"Download all","cc_photo_lightbox_theme":"dark","page_template":"phmm-theme-default","watermark":"off","watermark_image_id":null,"watermark_position":null,"watermark_scale":null,"hide_admin_bar":1,"canned_email_subject":null,"canned_email":null,"cc_photo_portal_page":null,"cc_email_recipient":"","custom_css":"","max_zip_part_size":4000,"remove_images_on_project_deletion":0}
::1 - 2019-06-20 02:54:14 - INFO - New Plugin Settings
::1 - 2019-06-20 02:54:14 - INFO - {"enable_slider":true,"slider_theme":"dark","page_template":"phmm-theme-default","accent_color":"#0085ba","hide_admin_bar":true,"portal_page_id":null,"email_recipients":[],"custom_css":"","max_zip_part_size":4000,"watermark":{"image_id":null,"scale":null,"position":null},"remove_images_on_project_deletion":false,"canned_emails":[]}
::1 - 2019-06-20 02:54:15 - INFO - Plugin settings successfully migrated
::1 - 2019-06-20 02:54:15 - INFO - update_to_4_0_0 get_state: 
 {"failed":[],"finished":[],"outstanding":[]}
::1 - 2019-06-20 02:54:15 - INFO - Starting migration of clients... 
 {"failed":[],"finished":[],"outstanding":[]}
::1 - 2019-06-20 02:54:15 - DEBUG - get_max_execution_time 
 30
::1 - 2019-06-20 02:54:15 - DEBUG - REQUEST_TIME_FLOAT: 
 1560999253.732
::1 - 2019-06-20 02:54:15 - DEBUG - temp res: 
 {"failed":[],"finished":[],"outstanding":[]}
::1 - 2019-06-20 02:54:15 - DEBUG - old state: 
 {"failed":[],"finished":[],"outstanding":[]}
::1 - 2019-06-20 02:54:15 - DEBUG - new state: 
 {"failed":[],"finished":[],"outstanding":[]}
::1 - 2019-06-20 02:54:15 - INFO - new clients migration state: 
 {"failed":[],"finished":[],"outstanding":[]}
::1 - 2019-06-20 02:54:15 - INFO - Clients migration finished: 
 {"failed":[],"finished":[],"outstanding":[]}
::1 - 2019-06-20 02:54:15 - DEBUG - get_max_execution_time 
 30
::1 - 2019-06-20 02:54:15 - DEBUG - time_exceeded: 
 false
::1 - 2019-06-20 02:54:15 - DEBUG - current_memory: 
 5595440
::1 - 2019-06-20 02:54:15 - DEBUG - memory_limit: 
 255013683.2
::1 - 2019-06-20 02:54:15 - DEBUG - memory_exceeded: 
 false
::1 - 2019-06-20 02:54:15 - DEBUG - temp res: 
 {"failed":[],"finished":["update_to_1_1_0","update_to_2_2_2","update_to_2_3_0","update_to_2_7_0","update_to_3_2_6","update_to_3_5_0","update_to_4_0_0","update_to_4_1_5"],"outstanding":[]}
::1 - 2019-06-20 02:54:15 - DEBUG - old state: 
 {"failed":[],"finished":[],"outstanding":["update_to_1_1_0","update_to_2_2_2","update_to_2_3_0","update_to_2_7_0","update_to_3_2_6","update_to_3_5_0","update_to_4_0_0","update_to_4_1_5"]}
::1 - 2019-06-20 02:54:15 - DEBUG - new state: 
 {"failed":[],"finished":["update_to_1_1_0","update_to_2_2_2","update_to_2_3_0","update_to_2_7_0","update_to_3_2_6","update_to_3_5_0","update_to_4_0_0","update_to_4_1_5"],"outstanding":[]}
::1 - 2019-06-20 02:54:15 - DEBUG - new state: 
 {"failed":[],"finished":["update_to_1_1_0","update_to_2_2_2","update_to_2_3_0","update_to_2_7_0","update_to_3_2_6","update_to_3_5_0","update_to_4_0_0","update_to_4_1_5"],"outstanding":[]}
::1 - 2019-06-20 02:54:15 - DEBUG - new state is null: 
 false
::1 - 2019-06-20 02:54:15 - DEBUG - No outstanding!
